0 info it worked if it ends with ok
1 verbose cli [
1 verbose cli   '/Users/demarcus/.nvm/versions/node/v12.14.0/bin/node',
1 verbose cli   '/Users/demarcus/.nvm/versions/node/v12.14.0/bin/npm',
1 verbose cli   'run',
1 verbose cli   'build'
1 verbose cli ]
2 info using npm@6.14.6
3 info using node@v12.14.0
4 verbose run-script [ 'prebuild', 'build', 'postbuild' ]
5 info lifecycle nextup_city_guide@0.1.0~prebuild: nextup_city_guide@0.1.0
6 info lifecycle nextup_city_guide@0.1.0~build: nextup_city_guide@0.1.0
7 verbose lifecycle nextup_city_guide@0.1.0~build: unsafe-perm in lifecycle true
8 verbose lifecycle nextup_city_guide@0.1.0~build: PATH: /Users/demarcus/.nvm/versions/node/v12.14.0/lib/node_modules/npm/node_modules/npm-lifecycle/node-gyp-bin:/Users/demarcus/playground/projects/nextup/nextup_city_guide/client/node_modules/.bin:/Users/demarcus/.nvm/versions/node/v12.14.0/bin:/usr/local/bin:/usr/bin:/bin:/usr/sbin:/sbin:/Library/Apple/usr/bin
9 verbose lifecycle nextup_city_guide@0.1.0~build: CWD: /Users/demarcus/playground/projects/nextup/nextup_city_guide/client
10 silly lifecycle nextup_city_guide@0.1.0~build: Args: [ '-c', 'react-scripts build' ]
11 info lifecycle nextup_city_guide@0.1.0~build: Failed to exec build script
12 verbose stack Error: nextup_city_guide@0.1.0 build: `react-scripts build`
12 verbose stack spawn ENOENT
12 verbose stack     at ChildProcess.<anonymous> (/Users/demarcus/.nvm/versions/node/v12.14.0/lib/node_modules/npm/node_modules/npm-lifecycle/lib/spawn.js:48:18)
12 verbose stack     at ChildProcess.emit (events.js:210:5)
12 verbose stack     at maybeClose (internal/child_process.js:1021:16)
12 verbose stack     at Process.ChildProcess._handle.onexit (internal/child_process.js:283:5)
13 verbose pkgid nextup_city_guide@0.1.0
14 verbose cwd /Users/demarcus/playground/projects/nextup/nextup_city_guide/client
15 verbose Darwin 19.6.0
16 verbose argv "/Users/demarcus/.nvm/versions/node/v12.14.0/bin/node" "/Users/demarcus/.nvm/versions/node/v12.14.0/bin/npm" "run" "build"
17 verbose node v12.14.0
18 verbose npm  v6.14.6
19 error code ELIFECYCLE
20 error syscall spawn
21 error file sh
22 error errno ENOENT
23 error nextup_city_guide@0.1.0 build: `react-scripts build`
23 error spawn ENOENT
24 error Failed at the nextup_city_guide@0.1.0 build script.
24 error This is probably not a problem with npm. There is likely additional logging output above.
25 verbose exit [ 1, true ]
